<?xml version="1.0" encoding="UTF-8"?>
<!-- Generated by org.testng.reporters.JUnitReportReporter -->
<testsuite skipped="0" hostname="LTIN300090" name="Basics.check" tests="1" failures="0" timestamp="28 Apr 2024 03:42:08 GMT" time="9.059" errors="0">
  <testcase name="test" time="9.059" classname="Basics.check"/>
</testsuite> <!-- Basics.check -->
